
0000 | ?? 5B 33 37 6D 30 30 2C 64 5F 64 72 76 3A 30 78 
0010 | 30 30 2C 63 73 30 5F 64 72 76 3A 30 78 30 30 2C 
0020 | 68 64 5F 64 72 76 3A 30 78 30 30 2C 77 70 5F 64 
0030 | 72 76 3A 30 78 30 30 0D 0A 6D 6F 64 65 3A 44 49 
0040 | 4F 2C 20 63 6C 6F 63 6B 20 64 69 76 3A 32 0D 0A 
0050 | 6C 6F 61 64 3A 30 78 33 66 66 66 30 30 33 30 2C 
0060 | 6C 65 6E 3A 31 31 38 34 0D 0A 6C 6F 61 64 3A 30 
0070 | 78 34 30 30 37 38 30 30 30 2C 6C 65 6E 3A 31 33 
0080 | 31 33 32 0D 0A 6C 6F 61 64 3A 30 78 34 30 30 38 
0090 | 30 34 30 30 2C 6C 65 6E 3A 33 30 33 36 0D 0A 65 
00A0 | 6E 74 72 79 20 30 78 34 30 30 38 30 35 65 34 0D 
00B0 | 0A ?? 5B 33 37 6D 61 ?? 5B 33 37 6D 6C ?? 5B 33 
00C0 | 37 6D 6F 6F 6F 0D 0A ?? 5B 33 37 6D 47 ?? 5B 33 
00D0 | 37 6D 75 72 75 20 4D 65 64 69 74 61 74 69 ?? 5B 
00E0 | 33 37 6D 6F ?? 5B 33 37 6D 6E 20 45 72 72 6F 72 
00F0 | 3A 20 43 ?? 5B 33 37 6D 6F 72 65 20 20 31 20 70 
0100 | 61 6E 69 ?? 5B 33 37 6D 63 27 65 64 20 28 4C 6F 
0110 | 61 64 50 72 ?? 5B 33 37 6D 6F ?? 5B 33 37 6D 68 
0120 | 69 62 69 74 65 64 29 2E 20 ?? 5B 33 37 6D 45 ?? 
0130 | 5B 33 37 6D 78 63 65 70 74 69 6F 6E 20 77 ?? 5B 
0140 | 33 37 6D 61 ?? 5B 33 37 6D 73 20 75 6E 68 61 6E 
0150 | 64 6C 65 ?? 5B 33 37 6D 64 2E 0D 0A 0D 0A 43 6F 
0160 | 72 65 20 ?? 5B 33 37 6D 20 ?? 5B 33 37 6D 31 20 
0170 | 72 65 67 69 73 74 65 72 20 ?? 5B 33 37 6D 64 75 
0180 | 6D 70 3A 0D 0A 50 43 20 20 ?? 5B 33 37 6D 20 ?? 
0190 | 5B 33 37 6D 20 20 20 3A 20 30 78 34 30 30 ?? 5B 
01A0 | 33 37 6D 65 34 38 30 61 20 ?? 5B 33 37 6D 20 50 
01B0 | 53 20 20 ?? 5B 33 37 6D 20 20 20 20 3A 20 30 78 
01C0 | 30 30 30 36 ?? 5B 33 37 6D 30 ?? 5B 33 37 6D 61 
01D0 | 33 30 20 20 41 30 20 20 20 ?? 5B 33 37 6D 20 20 
01E0 | 20 3A 20 30 78 38 30 30 65 ?? 5B 33 37 6D 34 39 
01F0 | 30 61 20 20 41 31 20 20 20 ?? 5B 33 37 6D 20 20 
0200 | 20 3A 20 30 78 33 66 66 62 32 ?? 5B 33 37 6D 37 
0210 | 31 30 20 20 0D 0A 41 32 20 20 ?? 5B 33 37 6D 20 
0220 | ?? 5B 33 37 6D 20 20 20 3A 20 30 78 30 30 30 ?? 
0230 | 5B 33 37 6D 30 30 30 30 30 20 20 41 33 20 20 ?? 
0240 | 5B 33 37 6D 20 ?? 5B 33 37 6D 20 20 20 3A 20 30 
0250 | 78 33 66 66 62 ?? 5B 33 37 6D 32 37 37 39 20 20 
0260 | 41 34 20 20 20 ?? 5B 33 37 6D 20 ?? 5B 33 37 6D 
0270 | 20 20 3A 20 30 78 30 30 30 30 ?? 5B 33 37 6D 30 
0280 | 30 30 31 20 20 41 35 20 20 20 ?? 5B 33 37 6D 20 
0290 | ?? 5B 33 37 6D 20 20 3A 20 30 78 30 30 30 30 30 
02A0 | ?? 5B 33 37 6D 30 30 30 20 20 0D 0A 41 36 20 20 
02B0 | ?? 5B 33 37 6D 20 ?? 5B 33 37 6D 20 20 20 3A 20 
02C0 | 30 78 30 30 30 ?? 5B 33 37 6D 30 ?? 5B 33 37 6D 
02D0 | 30 30 30 30 20 20 41 37 20 20 ?? 5B 33 37 6D 20 
02E0 | 20 20 20 3A 20 30 78 30 30 30 30 ?? 5B 33 37 6D 
02F0 | 30 ?? 5B 33 37 6D 30 30 30 20 20 41 38 20 20 20 
0300 | ?? 5B 33 37 6D 20 20 20 3A 20 30 78 30 30 30 30 
0310 | ?? 5B 33 37 6D 30 ?? 5B 33 37 6D 30 30 31 20 20 
0320 | 41 39 20 20 20 ?? 5B 33 37 6D 20 20 20 3A 20 30 
0330 | 78 33 66 66 35 66 ?? 5B 33 37 6D 30 37 38 20 20 
0340 | 0D 0A 41 31 30 20 ?? 5B 33 37 6D 20 ?? 5B 33 37 
0350 | 6D 20 20 20 3A 20 30 78 33 66 66 ?? 5B 33 37 6D 
0360 | 35 66 30 37 63 20 20 41 31 31 20 ?? 5B 33 37 6D 
0370 | 20 ?? 5B 33 37 6D 20 20 20 3A 20 30 78 30 30 30 
0380 | 30 ?? 5B 33 37 6D 30 30 30 30 20 20 41 31 32 20 
0390 | 20 ?? 5B 33 37 6D 20 20 20 3A 20 30 78 30 30 30 
03A0 | 30 ?? 5B 33 37 6D 30 30 30 30 20 20 41 31 33 20 
03B0 | 20 ?? 5B 33 37 6D 20 ?? 5B 33 37 6D 20 20 3A 20 
03C0 | 30 78 30 30 30 30 ?? 5B 33 37 6D 30 30 30 30 20 
03D0 | 20 0D 0A 41 31 34 20 ?? 5B 33 37 6D 20 ?? 5B 33 
03E0 | 37 6D 20 20 20 3A 20 30 78 33 66 66 ?? 5B 33 37 
03F0 | 6D 62 ?? 5B 33 37 6D 39 35 61 38 20 20 41 31 35 
0400 | 20 ?? 5B 33 37 6D 20 ?? 5B 33 37 6D 20 20 20 3A 
0410 | 20 30 78 30 30 30 30 ?? 5B 33 37 6D 30 ?? 5B 33 
0420 | 37 6D 30 30 30 20 20 53 41 52 20 20 ?? 5B 33 37 
0430 | 6D 20 20 20 3A 20 30 78 30 30 30 30 ?? 5B 33 37 
0440 | 6D 30 ?? 5B 33 37 6D 30 30 61 20 20 45 58 43 43 
0450 | 41 55 ?? 5B 33 37 6D 53 45 3A 20 30 78 30 30 30 
0460 | 30 30 ?? 5B 33 37 6D 30 31 63 20 20 0D 0A 45 58 
0470 | 43 56 ?? 5B 33 37 6D 41 ?? 5B 33 37 6D 44 44 52 
0480 | 3A 20 30 78 30 30 30 ?? 5B 33 37 6D 30 30 30 30 
0490 | 63 20 20 4C 42 45 47 20 ?? 5B 33 37 6D 20 ?? 5B 
04A0 | 33 37 6D 20 20 3A 20 30 78 34 30 30 38 ?? 5B 33 
04B0 | 37 6D 34 31 31 64 20 20 4C 45 4E 44 20 ?? 5B 33 
04C0 | 37 6D 20 ?? 5B 33 37 6D 20 20 3A 20 30 78 34 30 
04D0 | 30 38 ?? 5B 33 37 6D 34 31 32 35 20 20 4C 43 4F 
04E0 | 55 4E 54 ?? 5B 33 37 6D 20 ?? 5B 33 37 6D 20 3A 
04F0 | 20 30 78 30 30 30 30 30 ?? 5B 33 37 6D 30 ?? 5B 
0500 | 33 37 6D 32 37 20 20 0D 0A 0D 0A 0D 0A ?? 5B 33 
0510 | 37 6D 42 61 63 6B 74 72 61 63 65 3A 30 ?? 5B 33 
0520 | 37 6D 78 ?? 5B 33 37 6D 34 30 30 65 34 38 30 37 
0530 | 3A 30 78 ?? 5B 33 37 6D 33 ?? 5B 33 37 6D 66 66 
0540 | 62 32 37 31 30 30 78 34 ?? 5B 33 37 6D 30 30 65 
0550 | 34 39 30 37 3A 30 78 33 ?? 5B 33 37 6D 66 ?? 5B 
0560 | 33 37 6D 66 62 32 37 34 30 20 30 78 34 ?? 5B 33 
0570 | 37 6D 30 30 65 35 35 36 64 3A 30 78 33 66 ?? 5B 
0580 | 33 37 6D 66 ?? 5B 33 37 6D 62 32 37 36 30 20 30 
0590 | 78 34 30 ?? 5B 33 37 6D 30 64 32 38 32 39 3A 30 
05A0 | 78 33 66 ?? 5B 33 37 6D 66 ?? 5B 33 37 6D 62 32 
05B0 | 37 61 30 20 30 78 34 30 ?? 5B 33 37 6D 30 64 31 
05C0 | 35 38 62 3A 30 78 33 66 ?? 5B 33 37 6D 66 ?? 5B 
05D0 | 33 37 6D 62 32 38 30 30 20 30 78 34 30 30 ?? 5B 
05E0 | 33 37 6D 64 34 39 32 64 3A 30 78 33 66 66 ?? 5B 
05F0 | 33 37 6D 62 32 38 32 30 20 0D 0A 0D 0A 0D ?? 5B 
0600 | 33 37 6D 0A 0D 0A 0D 0A 45 4C 46 20 66 69 6C ?? 
0610 | 5B 33 37 6D 65 ?? 5B 33 37 6D 20 53 48 41 32 35 
0620 | 36 3A 20 30 ?? 5B 33 37 6D 30 30 30 30 30 30 30 
0630 | 30 30 30 30 ?? 5B 33 37 6D 30 ?? 5B 33 37 6D 30 
0640 | 30 30 0D 0A 0D 0A 52 65 62 ?? 5B 33 37 6D 6F ?? 
0650 | 5B 33 37 6D 6F 74 69 6E 67 2E 2E 2E 0D 0A ?? 5B 
0660 | 33 37 6D 65 ?? 5B 33 37 6D 74 73 20 4A 75 6E ?? 
0670 | 5B 33 37 6D 20 ?? 5B 33 37 6D 20 38 20 32 30 31 
0680 | 36 20 30 30 ?? 5B 33 37 6D 3A 32 32 3A 35 37 0D 
0690 | 0A 0D 0A 72 73 ?? 5B 33 37 6D 74 ?? 5B 33 37 6D 
06A0 | 3A 30 78 63 20 28 53 57 5F 43 ?? 5B 33 37 6D 50 
06B0 | 55 5F 52 45 53 45 54 29 2C 62 6F ?? 5B 33 37 6D 
06C0 | 6F 74 3A 30 78 31 37 20 28 53 50 ?? 5B 33 37 6D 
06D0 | 49 ?? 5B 33 37 6D 5F 46 41 53 54 5F 46 4C 41 53 
06E0 | 48 ?? 5B 33 37 6D 5F ?? 5B 33 37 6D 42 4F 4F 54 
06F0 | 29 0D 0A 63 6F 6E ?? 5B 33 37 6D 66 ?? 5B 33 37 
0700 | 6D 69 67 73 69 70 3A 20 30 2C 20 53 ?? 5B 33 37 
0710 | 6D 50 ?? 5B 33 37 6D 49 57 50 3A 30 78 65 65 0D 
0720 | 0A ?? 5B 33 37 6D 63 6C 6B 5F 64 72 76 3A 30 78 
0730 | 30 30 ?? 5B 33 37 6D 2C ?? 5B 33 37 6D 71 5F 64 
0740 | 72 76 3A 30 78 30 30 ?? 5B 33 37 6D 2C ?? 5B 33 
0750 | 37 6D 64 5F 64 72 76 3A 30 78 30 30 2C ?? 5B 33 
0760 | 37 6D 63 ?? 5B 33 37 6D 73 30 5F 64 72 76 3A 30 
0770 | 78 30 ?? 5B 33 37 6D 30 2C 68 64 5F 64 72 76 3A 
0780 | 30 78 30 ?? 5B 33 37 6D 30 ?? 5B 33 37 6D 2C 77 
0790 | 70 5F 64 72 76 3A 30 78 ?? 5B 33 37 6D 30 ?? 5B 
07A0 | 33 37 6D 30 0D 0A 6D 6F 64 65 3A 44 49 4F ?? 5B 
07B0 | 33 37 6D 2C 20 63 6C 6F 63 6B 20 64 69 76 ?? 5B 
07C0 | 33 37 6D 3A ?? 5B 33 37 6D 32 0D 0A 6C 6F 61 64 
07D0 | 3A 30 78 33 ?? 5B 33 37 6D 66 ?? 5B 33 37 6D 66 
07E0 | 66 30 30 33 30 2C 6C 65 6E ?? 5B 33 37 6D 3A 31 
07F0 | 31 38 34 0D 0A 6C 6F 61 64 3A ?? 5B 33 37 6D 30 
0800 | ?? 5B 33 37 6D 78 34 30 30 37 38 30 30 30 2C 6C 
0810 | ?? 5B 33 37 6D 65 6E 3A 31 33 31 33 32 0D 0A 6C 
0820 | ?? 5B 33 37 6D 6F ?? 5B 33 37 6D 61 64 3A 30 78 
0830 | 34 30 30 38 30 34 ?? 5B 33 37 6D 30 ?? 5B 33 37 
0840 | 6D 30 2C 6C 65 6E 3A 33 30 33 36 ?? 5B 33 37 6D 
0850 | 0D ?? 5B 33 37 6D 0A 65 6E 74 72 79 20 30 78 34 
0860 | 30 ?? 5B 33 37 6D 30 ?? 5B 33 37 6D 38 30 35 65 
0870 | 34 0D 0A 